Generated at 2021-01-21 10:28:29 -0600
NoMethodError: undefined method `content' for Chef::Resource::HomebrewPackage
/opt/chef-workstation/embedded/lib/ruby/gems/2.7.0/gems/chef-16.9.16/lib/chef/resource.rb:1322:in `method_missing'
/Users/ram/dev/bhavya/Chef/chef-repo/cookbooks/hello-world/recipes/default.rb:7:in `block in from_file'
/opt/chef-workstation/embedded/lib/ruby/gems/2.7.0/gems/chef-16.9.16/lib/chef/resource_builder.rb:67:in `instance_eval'
/opt/chef-workstation/embedded/lib/ruby/gems/2.7.0/gems/chef-16.9.16/lib/chef/resource_builder.rb:67:in `build'
/opt/chef-workstation/embedded/lib/ruby/gems/2.7.0/gems/chef-16.9.16/lib/chef/dsl/declare_resource.rb:318:in `build_resource'
/opt/chef-workstation/embedded/lib/ruby/gems/2.7.0/gems/chef-16.9.16/lib/chef/dsl/declare_resource.rb:273:in `declare_resource'
/opt/chef-workstation/embedded/lib/ruby/gems/2.7.0/gems/chef-16.9.16/lib/chef/dsl/resources.rb:36:in `package'
/Users/ram/dev/bhavya/Chef/chef-repo/cookbooks/hello-world/recipes/default.rb:6:in `from_file'
/opt/chef-workstation/embedded/lib/ruby/gems/2.7.0/gems/chef-16.9.16/lib/chef/mixin/from_file.rb:34:in `instance_eval'
/opt/chef-workstation/embedded/lib/ruby/gems/2.7.0/gems/chef-16.9.16/lib/chef/mixin/from_file.rb:34:in `from_file'
/opt/chef-workstation/embedded/lib/ruby/gems/2.7.0/gems/chef-16.9.16/lib/chef/run_context.rb:413:in `load_recipe_file'
/opt/chef-workstation/embedded/lib/ruby/gems/2.7.0/gems/chef-16.9.16/lib/chef/policy_builder/expand_node_object.rb:106:in `block in setup_run_context'
/opt/chef-workstation/embedded/lib/ruby/gems/2.7.0/gems/chef-16.9.16/lib/chef/policy_builder/expand_node_object.rb:105:in `each'
/opt/chef-workstation/embedded/lib/ruby/gems/2.7.0/gems/chef-16.9.16/lib/chef/policy_builder/expand_node_object.rb:105:in `setup_run_context'
/opt/chef-workstation/embedded/lib/ruby/2.7.0/forwardable.rb:235:in `setup_run_context'
/opt/chef-workstation/embedded/lib/ruby/gems/2.7.0/gems/chef-16.9.16/lib/chef/client.rb:496:in `setup_run_context'
/opt/chef-workstation/embedded/lib/ruby/gems/2.7.0/gems/chef-16.9.16/lib/chef/client.rb:282:in `run'
/opt/chef-workstation/embedded/lib/ruby/gems/2.7.0/gems/chef-16.9.16/lib/chef/application.rb:305:in `run_with_graceful_exit_option'
/opt/chef-workstation/embedded/lib/ruby/gems/2.7.0/gems/chef-16.9.16/lib/chef/application.rb:281:in `block in run_chef_client'
/opt/chef-workstation/embedded/lib/ruby/gems/2.7.0/gems/chef-16.9.16/lib/chef/local_mode.rb:42:in `with_server_connectivity'
/opt/chef-workstation/embedded/lib/ruby/gems/2.7.0/gems/chef-16.9.16/lib/chef/application.rb:264:in `run_chef_client'
/opt/chef-workstation/embedded/lib/ruby/gems/2.7.0/gems/chef-16.9.16/lib/chef/application/base.rb:337:in `run_application'
/opt/chef-workstation/embedded/lib/ruby/gems/2.7.0/gems/chef-16.9.16/lib/chef/application.rb:67:in `run'
/opt/chef-workstation/embedded/lib/ruby/gems/2.7.0/gems/chef-bin-16.9.16/bin/chef-client:25:in `<top (required)>'
/usr/local/bin/chef-client:341:in `load'
/usr/local/bin/chef-client:341:in `<main>'